<?xml version="1.0" encoding="UTF-8"?>
<testsuite xmlns:xsi="http://www.w3.org/2001/XMLSchema-instance" xsi:noNamespaceSchemaLocation="https://maven.apache.org/surefire/maven-surefire-plugin/xsd/surefire-test-report.xsd" name="Address.MenuTest" time="0.183" tests="3" errors="0" skipped="0" failures="0">
  <properties>
[...]
</properties>
  <testcase name="toDeleteTestForMultipleRemove" classname="Address.MenuTest" time="0.102"/>
  <testcase name="toDeleteTest" classname="Address.MenuTest" time="0.063"/>
  <testcase name="toAddTest" classname="Address.MenuTest" time="0.004"/>
</testsuite>